2013/2/13 上午 02:19:22	此記錄檔包含有關使用者 'Administrator' 在電腦 'YUSHU-MBA' 上將結構描述匯入專案 'GameDB' 之作業的資訊。
2013/2/13 上午 02:19:22	資料庫結構描述匯入已啟動。
2013/2/13 上午 02:19:27	正在蒐集資料庫選項
2013/2/13 上午 02:19:27	正在蒐集使用者
2013/2/13 上午 02:19:27	正在蒐集角色
2013/2/13 上午 02:19:27	正在蒐集應用程式角色
2013/2/13 上午 02:19:27	正在蒐集角色成員資格
2013/2/13 上午 02:19:27	正在蒐集檔案群組
2013/2/13 上午 02:19:27	正在蒐集全文檢索目錄
2013/2/13 上午 02:19:27	正在蒐集組件
2013/2/13 上午 02:19:27	正在蒐集憑證
2013/2/13 上午 02:19:27	正在蒐集非對稱金鑰
2013/2/13 上午 02:19:27	正在蒐集對稱金鑰
2013/2/13 上午 02:19:27	正在蒐集加密的對稱金鑰
2013/2/13 上午 02:19:27	正在蒐集結構描述
2013/2/13 上午 02:19:27	正在蒐集 XML 結構描述集合
2013/2/13 上午 02:19:27	正在蒐集使用者定義資料型別
2013/2/13 上午 02:19:27	正在蒐集使用者定義型別
2013/2/13 上午 02:19:27	正在蒐集資料分割函式
2013/2/13 上午 02:19:27	正在蒐集資料分割配置
2013/2/13 上午 02:19:27	正在蒐集函式
2013/2/13 上午 02:19:27	正在蒐集加密的函式
2013/2/13 上午 02:19:27	正在蒐集彙總
2013/2/13 上午 02:19:27	正在蒐集程序
2013/2/13 上午 02:19:27	正在蒐集加密的程序
2013/2/13 上午 02:19:27	正在蒐集資料表
2013/2/13 上午 02:19:27	正在蒐集主索引鍵
2013/2/13 上午 02:19:27	正在蒐集唯一的條件約束
2013/2/13 上午 02:19:27	正在蒐集外部索引鍵
2013/2/13 上午 02:19:27	正在蒐集預設條件約束
2013/2/13 上午 02:19:28	正在蒐集檢查條件約束
2013/2/13 上午 02:19:28	正在蒐集檢視
2013/2/13 上午 02:19:28	正在蒐集加密的檢視表
2013/2/13 上午 02:19:28	正在蒐集索引
2013/2/13 上午 02:19:28	正在蒐集統計資料
2013/2/13 上午 02:19:28	正在蒐集全文檢索索引
2013/2/13 上午 02:19:28	正在蒐集 XML 索引
2013/2/13 上午 02:19:28	正在蒐集加密的觸發程序
2013/2/13 上午 02:19:28	正在蒐集觸發程序
2013/2/13 上午 02:19:28	正在蒐集加密的和 CLR DDL 觸發程序
2013/2/13 上午 02:19:28	正在蒐集 DDL 觸發程序
2013/2/13 上午 02:19:28	正在蒐集同義資料表
2013/2/13 上午 02:19:28	正在蒐集預設值
2013/2/13 上午 02:19:28	正在蒐集資料條件約束 UDDT 繫結
2013/2/13 上午 02:19:28	正在蒐集規則
2013/2/13 上午 02:19:28	正在蒐集資料條件約束 UDDT 繫結
2013/2/13 上午 02:19:28	正在蒐集訊息類型
2013/2/13 上午 02:19:28	正在蒐集佇列
2013/2/13 上午 02:19:28	正在蒐集合約
2013/2/13 上午 02:19:28	正在蒐集服務
2013/2/13 上午 02:19:28	正在蒐集事件告知
2013/2/13 上午 02:19:28	正在蒐集遠端服務繫結
2013/2/13 上午 02:19:28	正在蒐集簽章
2013/2/13 上午 02:19:28	正在蒐集擴充屬性
2013/2/13 上午 02:19:28	正在蒐集認證
2013/2/13 上午 02:19:28	正在蒐集登入
2013/2/13 上午 02:19:28	正在掃描專案的重複項目
2013/2/13 上午 02:19:28	完成複製項目處理
2013/2/13 上午 02:19:28	完成匯入資料庫。
2013/2/13 上午 02:19:28	匯入的摘要已儲存到下列位置: C:\Chess\db\GameDB\匯入結構描述記錄\GameDB_20130212061922.log
2013/2/13 上午 02:19:28	按 [完成] 繼續進行...
