2014/5/28 下午 08:56:09	此記錄檔包含有關使用者 'Administrator' 在電腦 'YUSHU-MBP' 上將結構描述匯入專案 'GameDB' 之作業的資訊。
2014/5/28 下午 08:56:09	資料庫結構描述匯入已啟動。
2014/5/28 下午 08:56:12	正在蒐集資料庫選項
2014/5/28 下午 08:56:12	正在蒐集使用者
2014/5/28 下午 08:56:12	正在蒐集角色
2014/5/28 下午 08:56:12	正在蒐集應用程式角色
2014/5/28 下午 08:56:12	正在蒐集角色成員資格
2014/5/28 下午 08:56:12	正在蒐集檔案群組
2014/5/28 下午 08:56:12	正在蒐集全文檢索目錄
2014/5/28 下午 08:56:12	正在蒐集組件
2014/5/28 下午 08:56:12	正在蒐集憑證
2014/5/28 下午 08:56:12	正在蒐集非對稱金鑰
2014/5/28 下午 08:56:12	正在蒐集對稱金鑰
2014/5/28 下午 08:56:12	正在蒐集加密的對稱金鑰
2014/5/28 下午 08:56:12	正在蒐集結構描述
2014/5/28 下午 08:56:12	正在蒐集 XML 結構描述集合
2014/5/28 下午 08:56:12	正在蒐集使用者定義資料型別
2014/5/28 下午 08:56:12	正在蒐集使用者定義型別
2014/5/28 下午 08:56:12	正在蒐集資料分割函式
2014/5/28 下午 08:56:12	正在蒐集資料分割配置
2014/5/28 下午 08:56:12	正在蒐集函式
2014/5/28 下午 08:56:12	正在蒐集加密的函式
2014/5/28 下午 08:56:12	正在蒐集彙總
2014/5/28 下午 08:56:12	正在蒐集程序
2014/5/28 下午 08:56:12	正在蒐集加密的程序
2014/5/28 下午 08:56:12	正在蒐集資料表
2014/5/28 下午 08:56:12	正在蒐集主索引鍵
2014/5/28 下午 08:56:12	正在蒐集唯一的條件約束
2014/5/28 下午 08:56:12	正在蒐集外部索引鍵
2014/5/28 下午 08:56:12	正在蒐集預設條件約束
2014/5/28 下午 08:56:12	正在蒐集檢查條件約束
2014/5/28 下午 08:56:12	正在蒐集檢視
2014/5/28 下午 08:56:12	正在蒐集加密的檢視表
2014/5/28 下午 08:56:12	正在蒐集索引
2014/5/28 下午 08:56:12	正在蒐集統計資料
2014/5/28 下午 08:56:12	正在蒐集全文檢索索引
2014/5/28 下午 08:56:12	正在蒐集 XML 索引
2014/5/28 下午 08:56:12	正在蒐集加密的觸發程序
2014/5/28 下午 08:56:12	正在蒐集觸發程序
2014/5/28 下午 08:56:12	正在蒐集加密的和 CLR DDL 觸發程序
2014/5/28 下午 08:56:12	正在蒐集 DDL 觸發程序
2014/5/28 下午 08:56:12	正在蒐集同義資料表
2014/5/28 下午 08:56:12	正在蒐集預設值
2014/5/28 下午 08:56:12	正在蒐集資料條件約束 UDDT 繫結
2014/5/28 下午 08:56:12	正在蒐集規則
2014/5/28 下午 08:56:12	正在蒐集資料條件約束 UDDT 繫結
2014/5/28 下午 08:56:12	正在蒐集訊息類型
2014/5/28 下午 08:56:12	正在蒐集佇列
2014/5/28 下午 08:56:12	正在蒐集合約
2014/5/28 下午 08:56:12	正在蒐集服務
2014/5/28 下午 08:56:12	正在蒐集事件告知
2014/5/28 下午 08:56:12	正在蒐集遠端服務繫結
2014/5/28 下午 08:56:12	正在蒐集簽章
2014/5/28 下午 08:56:12	正在蒐集擴充屬性
2014/5/28 下午 08:56:12	正在蒐集認證
2014/5/28 下午 08:56:12	正在蒐集登入
2014/5/28 下午 08:56:13	正在掃描專案的重複項目
2014/5/28 下午 08:56:13	完成複製項目處理
2014/5/28 下午 08:56:14	完成匯入資料庫。
2014/5/28 下午 08:56:14	匯入的摘要已儲存到下列位置: C:\tengfa\Library\GameDB\匯入結構描述記錄\GameDB_20140528125609.log
2014/5/28 下午 08:56:14	按 [完成] 繼續進行...
